INFO:  ANSI Code Page: 936
INFO:  latexindent.exe version 3.24.4, 2024-07-18, a script to indent .tex files
       latexindent.exe lives here: D:/Program/Latex/texlive/2024/bin/windows/
       Thu Nov 21 10:41:23 2024
       Filename: d:\文档\贵州大学课程\数据库原理\Graph Database\session\key_technologies.tex
INFO:  Processing switches:
INFO:  Directory for backup files and log file indent.log:
       d:\文档\贵州大学课程\数据库原理\Graph Database\session
INFO:  YAML settings read: defaultSettings.yaml
       Reading defaultSettings.yaml from D:/Program/Latex/texlive/2024/bin/windows/defaultSettings.yaml
       Reading defaultSettings.yaml (2nd attempt) from D:/Program/Latex/texlive/2024/bin/windows/../../texmf-dist/scripts/latexindent/defaultSettings.yaml
       and then, if necessary, D:/Program/Latex/texlive/2024/bin/windows/LatexIndent/defaultSettings.yaml
INFO:  YAML reading settings
       Home directory is C:\Users\24055
       latexindent.pl didn't find indentconfig.yaml or .indentconfig.yaml
       see all possible locations: https://latexindentpl.readthedocs.io/en/latest/sec-appendices.html#indentconfig-options)
INFO:  Phase 1: searching for objects
INFO:  Phase 2: finding surrounding indentation
INFO:  Phase 3: indenting objects
INFO:  Phase 4: final indentation check
INFO:  Output routine:
       Not outputting to file; see -w and -o switches for more options.
       --------------
INFO:  Please direct all communication/issues to:
        https://github.com/cmhughes/latexindent.pl
